{"uuid":"e905777b-baba-465b-8110-7e371a6a4d3d","historyId":"6a0fdf4bf01fcf2920aca6ae127dc78c","status":"failed","statusDetails":{"message":"AssertionError: Expected url https://webdriver.io did not match with the Actual url https://webdriver.io/: expected 'https://webdriver.io/' to equal 'https://webdriver.io'","trace":"AssertionError: Expected url https://webdriver.io did not match with the Actual url https://webdriver.io/: expected 'https://webdriver.io/' to equal 'https://webdriver.io'\n    + expected - actual\n\n    -https://webdriver.io/\n    +https://webdriver.io\n\n    at World.<anonymous> (file:///F:/WebdriverIO%20JS/WDIOJS/test/features/step-definition/demo.ts:24:10)\n    at processTicksAndRejections (node:internal/process/task_queues:95:5)\n    at async wrapPromiseWithTimeout (F:\\WebdriverIO JS\\WDIOJS\\node_modules\\@cucumber\\cucumber\\src\\time.ts:55:10)\n    at async Object.run (F:\\WebdriverIO JS\\WDIOJS\\node_modules\\@cucumber\\cucumber\\src\\user_code_runner.ts:86:16)\n    at async Object.run (F:\\WebdriverIO JS\\WDIOJS\\node_modules\\@cucumber\\cucumber\\src\\runtime\\step_runner.ts:50:20)\n    at async TestCaseRunner.invokeStep (F:\\WebdriverIO JS\\WDIOJS\\node_modules\\@cucumber\\cucumber\\src\\runtime\\test_case_runner.ts:137:12)\n    at async TestCaseRunner.runStep (F:\\WebdriverIO JS\\WDIOJS\\node_modules\\@cucumber\\cucumber\\src\\runtime\\test_case_runner.ts:334:20)\n    at async F:\\WebdriverIO JS\\WDIOJS\\node_modules\\@cucumber\\cucumber\\src\\runtime\\test_case_runner.ts:240:34\n    at async TestCaseRunner.aroundTestStep (F:\\WebdriverIO JS\\WDIOJS\\node_modules\\@cucumber\\cucumber\\src\\runtime\\test_case_runner.ts:170:28)\n    at async TestCaseRunner.runAttempt (F:\\WebdriverIO JS\\WDIOJS\\node_modules\\@cucumber\\cucumber\\src\\runtime\\test_case_runner.ts:218:7)\n    at async TestCaseRunner.run (F:\\WebdriverIO JS\\WDIOJS\\node_modules\\@cucumber\\cucumber\\src\\runtime\\test_case_runner.ts:188:29)\n    at async Runtime.runTestCase (F:\\WebdriverIO JS\\WDIOJS\\node_modules\\@cucumber\\cucumber\\src\\runtime\\index.ts:89:20)\n    at async Runtime.start (F:\\WebdriverIO JS\\WDIOJS\\node_modules\\@cucumber\\cucumber\\src\\runtime\\index.ts:116:7)\n    at async runCucumber (F:\\WebdriverIO JS\\WDIOJS\\node_modules\\@cucumber\\cucumber\\src\\api\\run_cucumber.ts:125:19)\n    at async CucumberAdapter.run (file:///F:/WebdriverIO%20JS/WDIOJS/node_modules/@wdio/cucumber-framework/build/index.js:188:33)\n    at async Runner.run (file:///F:/WebdriverIO%20JS/WDIOJS/node_modules/@wdio/runner/build/index.js:148:24)"},"stage":"finished","steps":[{"status":"passed","statusDetails":{},"stage":"finished","steps":[],"attachments":[{"name":"Response","type":"application/json","source":"31962857-e7fd-42c2-aafa-99bd7df7da6b-attachment.json"}],"parameters":[],"start":1705319608054,"name":"GET /session/:sessionId/url","stop":1705319608132}],"attachments":[],"parameters":[{"name":"browser","value":"chrome-120.0.6099.217"}],"labels":[{"name":"language","value":"javascript"},{"name":"framework","value":"wdio"},{"name":"package","value":"F:.WebdriverIO JS.WDIOJS.test.features.demo.demo.feature"},{"name":"thread","value":"0-0"},{"name":"suite","value":"Demo feature: Running a test to search"},{"name":"feature","value":"Demo feature: Running a test to search"}],"links":[],"start":1705319608053,"name":"Then URL should match https://webdriver.io","testCaseId":"6a0fdf4bf01fcf2920aca6ae127dc78c","stop":1705319608152}